0 info it worked if it ends with ok
1 verbose cli [ 'node', '/usr/local/bin/npm', 'install', 'paper' ]
2 info using npm@1.1.44
3 info using node@v0.8.3
4 verbose node symlink /usr/local/bin/node
5 verbose config file /Users/jack.reidy/.npmrc
6 verbose config file /usr/local/etc/npmrc
7 verbose config file /usr/local/lib/node_modules/npm/npmrc
8 verbose read json /Users/jack.reidy/Desktop/ENG_APP_2/engapp/package.json
9 verbose read json /Users/jack.reidy/Desktop/ENG_APP_2/engapp/node_modules/coffee-script/package.json
10 verbose read json /Users/jack.reidy/Desktop/ENG_APP_2/engapp/node_modules/express/package.json
11 verbose read json /Users/jack.reidy/Desktop/ENG_APP_2/engapp/node_modules/mocha/package.json
12 verbose read json /Users/jack.reidy/Desktop/ENG_APP_2/engapp/node_modules/mongoose/package.json
13 verbose read json /Users/jack.reidy/Desktop/ENG_APP_2/engapp/node_modules/requirejs/package.json
14 verbose read json /Users/jack.reidy/Desktop/ENG_APP_2/engapp/node_modules/should/package.json
15 verbose read json /Users/jack.reidy/Desktop/ENG_APP_2/engapp/node_modules/sqlite3/package.json
16 verbose read json /Users/jack.reidy/Desktop/ENG_APP_2/engapp/node_modules/stylus/package.json
17 verbose from cache /Users/jack.reidy/Desktop/ENG_APP_2/engapp/package.json
18 verbose readDependencies using package.json deps
19 verbose cache add [ 'paper', null ]
20 silly cache add name=undefined spec="paper" args=["paper",null]
21 verbose parsed url { pathname: 'paper', path: 'paper', href: 'paper' }
22 silly lockFile 950593b1-paper paper
23 verbose lock paper /Users/jack.reidy/.npm/950593b1-paper.lock
24 silly lockFile 950593b1-paper paper
25 verbose addNamed [ 'paper', '' ]
26 verbose addNamed [ null, '' ]
27 silly lockFile 087e8815-paper paper@
28 verbose lock paper@ /Users/jack.reidy/.npm/087e8815-paper.lock
29 silly addNameRange { name: 'paper', range: '', hasData: false }
30 verbose url raw paper
31 verbose url resolving [ 'https://registry.npmjs.org/', './paper' ]
32 verbose url resolved https://registry.npmjs.org/paper
33 info retry registry request attempt 1 at 13:38:46
34 http GET https://registry.npmjs.org/paper
35 http 404 https://registry.npmjs.org/paper
36 silly registry.get cb [ 404,
36 silly registry.get   { server: 'CouchDB/1.2.0 (Erlang OTP/R15B)',
36 silly registry.get     date: 'Sat, 11 Aug 2012 20:38:47 GMT',
36 silly registry.get     'content-type': 'application/json',
36 silly registry.get     'content-length': '52',
36 silly registry.get     'cache-control': 'must-revalidate' } ]
37 silly lockFile 087e8815-paper paper@
38 error 404 'paper' is not in the npm registry.
38 error 404 You should bug the author to publish it
38 error 404
38 error 404 Note that you can also install from a
38 error 404 tarball, folder, or http url, or git url.
39 error System Darwin 11.4.0
40 error command "node" "/usr/local/bin/npm" "install" "paper"
41 error cwd /Users/jack.reidy/Desktop/ENG_APP_2/engapp
42 error node -v v0.8.3
43 error npm -v 1.1.44
44 error code E404
45 error stack Error: 404 Not Found: paper
45 error stack     at RegClient.<anonymous> (/usr/local/lib/node_modules/npm/node_modules/npm-registry-client/lib/request.js:242:14)
45 error stack     at Request.init.self.callback (/usr/local/lib/node_modules/npm/node_modules/request/main.js:120:22)
45 error stack     at Request.EventEmitter.emit (events.js:91:17)
45 error stack     at Request.<anonymous> (/usr/local/lib/node_modules/npm/node_modules/request/main.js:555:16)
45 error stack     at Request.EventEmitter.emit (events.js:88:17)
45 error stack     at IncomingMessage.Request.start.self.req.self.httpModule.request.buffer (/usr/local/lib/node_modules/npm/node_modules/request/main.js:517:14)
45 error stack     at IncomingMessage.EventEmitter.emit (events.js:115:20)
45 error stack     at IncomingMessage._emitEnd (http.js:366:10)
45 error stack     at HTTPParser.parserOnMessageComplete [as onMessageComplete] (http.js:149:23)
45 error stack     at CleartextStream.socketOnData (http.js:1356:20)
46 verbose exit [ 1, true ]
